#
# A fatal error has been detected by the Java Runtime Environment:
#
#  EXCEPTION_ACCESS_VIOLATION (0xc0000005) at pc=0x0000000000000000, pid=4220, tid=5636
#
# JRE version: 7.0_21-b11
# Java VM: Java HotSpot(TM) 64-Bit Server VM (23.21-b01 mixed mode windows-amd64 compressed oops)
# Problematic frame:
# C  0x0000000000000000
#
# Failed to write core dump. Minidumps are not enabled by default on client versions of Windows
#
# If you would like to submit a bug report, please visit:
#   http://bugreport.sun.com/bugreport/crash.jsp
# The crash happened outside the Java Virtual Machine in native code.
# See problematic frame for where to report the bug.
#

---------------  T H R E A D  ---------------

Current thread (0x000000000e271000):  JavaThread "LWJGL Application" [_thread_in_native, id=5636, stack(0x000000000efa0000,0x000000000f0a0000)]

siginfo: ExceptionCode=0xc0000005, ExceptionInformation=0x0000000000000008 0x0000000000000000

Registers:
RAX=0x000000001629c140, RBX=0x000000001625dc80, RCX=0x000000001625dc80, RDX=0x0000000012053cc0
RSP=0x000000000f09ed48, RBP=0x000000001616e210, RSI=0x0000000012053cc0, RDI=0x0000000012053cc0
R8 =0x0000000012053cc0, R9 =0x000000001625dc80, R10=0x000000000261237c, R11=0x0000000066433570
R12=0x0000000000000000, R13=0x000000077b90cbc8, R14=0x000000000f09eea8, R15=0x000000000e271000
RIP=0x0000000000000000, EFLAGS=0x0000000000010206

Top of Stack: (sp=0x000000000f09ed48)
0x000000000f09ed48:   0000000065593692 000000000f09ee78
0x000000000f09ed58:   000000000f09ee20 000000000e0e7b78
0x000000000f09ed68:   000000000e0e7b88 000000000e0e7b90
0x000000000f09ed78:   000000001625dc80 00000000161c1e10
0x000000000f09ed88:   00000000655a0b23 00000000000000b6
0x000000000f09ed98:   000000000e0e7b58 0000000000000000
0x000000000f09eda8:   0000000000004000 000000077b90cbc8
0x000000000f09edb8:   00000000000005c5 000000077b916278
0x000000000f09edc8:   000000000f09ee68 0000000000000000
0x000000000f09edd8:   00000000026123a8 0000000780ebcc50
0x000000000f09ede8:   000000000f09ede8 000000077b2024c8
0x000000000f09edf8:   000000000f09ee40 000000077b2a7938
0x000000000f09ee08:   000000077b988fd0 000000077b2024d8
0x000000000f09ee18:   0000000000000000 000000000f09ee38
0x000000000f09ee28:   000000000f09ee28 0000000000000000
0x000000000f09ee38:   000000000f09eea8 000000077b91ea00 

Instructions: (pc=0x0000000000000000)
0xffffffffffffffe0:   


Register to memory mapping:

RAX=0x000000001629c140 is an unknown value
RBX=0x000000001625dc80 is an unknown value
RCX=0x000000001625dc80 is an unknown value
RDX=0x0000000012053cc0 is an unknown value
RSP=0x000000000f09ed48 is pointing into the stack for thread: 0x000000000e271000
RBP=0x000000001616e210 is an unknown value
RSI=0x0000000012053cc0 is an unknown value
RDI=0x0000000012053cc0 is an unknown value
R8 =0x0000000012053cc0 is an unknown value
R9 =0x000000001625dc80 is an unknown value
R10=0x000000000261237c is an Interpreter codelet
method entry point (kind = native)  [0x0000000002612100, 0x0000000002612980]  2176 bytes
R11=0x0000000066433570 is an unknown value
R12=0x0000000000000000 is an unknown value
R13=0x000000077b90cbc8 is an oop
{method} 
 - klass: {other class}
R14=0x000000000f09eea8 is pointing into the stack for thread: 0x000000000e271000
R15=0x000000000e271000 is a thread


Stack: [0x000000000efa0000,0x000000000f0a0000],  sp=0x000000000f09ed48,  free space=1019k
Java frames: (J=compiled Java code, j=interpreted, Vv=VM code)
j  com.badlogic.gdx.physics.box2d.World.jniDestroyJoint(JJ)V+0
j  com.badlogic.gdx.physics.box2d.World.destroyJoint(Lcom/badlogic/gdx/physics/box2d/Joint;)V+57
j  com.softsquare.side.Fluid.touchUp(IIII)Z+30
j  com.softsquare.side.InputManager.touchUp(IIII)Z+38
j  com.badlogic.gdx.backends.lwjgl.LwjglInput.processEvents()V+283
j  com.badlogic.gdx.backends.lwjgl.LwjglApplication.mainLoop()V+459
j  com.badlogic.gdx.backends.lwjgl.LwjglApplication$1.run()V+27
v  ~StubRoutines::call_stub

---------------  P R O C E S S  ---------------

Java Threads: ( => current thread )
  0x00000000024fd800 JavaThread "DestroyJavaVM" [_thread_blocked, id=2884, stack(0x00000000023c0000,0x00000000024c0000)]
=>0x000000000e271000 JavaThread "LWJGL Application" [_thread_in_native, id=5636, stack(0x000000000efa0000,0x000000000f0a0000)]
  0x000000000ba83000 JavaThread "Service Thread" daemon [_thread_blocked, id=5888, stack(0x000000000dec0000,0x000000000dfc0000)]
  0x000000000ba80000 JavaThread "C2 CompilerThread1" daemon [_thread_blocked, id=2556, stack(0x000000000ddc0000,0x000000000dec0000)]
  0x000000000ba7b000 JavaThread "C2 CompilerThread0" daemon [_thread_blocked, id=5192, stack(0x000000000dcc0000,0x000000000ddc0000)]
  0x000000000ba78000 JavaThread "Attach Listener" daemon [_thread_blocked, id=2400, stack(0x000000000dbc0000,0x000000000dcc0000)]
  0x000000000ba73000 JavaThread "Signal Dispatcher" daemon [_thread_blocked, id=444, stack(0x000000000dac0000,0x000000000dbc0000)]
  0x000000000ba0e000 JavaThread "Finalizer" daemon [_thread_blocked, id=2160, stack(0x000000000d9c0000,0x000000000dac0000)]
  0x000000000ba07000 JavaThread "Reference Handler" daemon [_thread_blocked, id=2896, stack(0x000000000d8c0000,0x000000000d9c0000)]

Other Threads:
  0x000000000ba01800 VMThread [stack: 0x000000000d7c0000,0x000000000d8c0000] [id=3388]
  0x000000000ba9d800 WatcherThread [stack: 0x000000000dfc0000,0x000000000e0c0000] [id=2944]

VM state:not at safepoint (normal execution)

VM Mutex/Monitor currently owned by a thread: None

Heap
 PSYoungGen      total 9600K, used 1193K [0x00000007d56b0000, 0x00000007d60e0000, 0x0000000800000000)
  eden space 9536K, 12% used [0x00000007d56b0000,0x00000007d57d2680,0x00000007d6000000)
  from space 64K, 50% used [0x00000007d6010000,0x00000007d6018000,0x00000007d6020000)
  to   space 448K, 0% used [0x00000007d6070000,0x00000007d6070000,0x00000007d60e0000)
 ParOldGen       total 87168K, used 26034K [0x0000000780400000, 0x0000000785920000, 0x00000007d56b0000)
  object space 87168K, 29% used [0x0000000780400000,0x0000000781d6ca10,0x0000000785920000)
 PSPermGen       total 21248K, used 7814K [0x000000077b200000, 0x000000077c6c0000, 0x0000000780400000)
  object space 21248K, 36% used [0x000000077b200000,0x000000077b9a1a88,0x000000077c6c0000)

Card table byte_map: [0x00000000056c0000,0x0000000005af0000] byte_map_base: 0x0000000001ae7000

Polling page: 0x0000000000cd0000

Code Cache  [0x0000000002600000, 0x0000000002870000, 0x0000000005600000)
 total_blobs=733 nmethods=323 adapters=361 free_code_cache=47974Kb largest_free_block=49099392

Compilation events (10 events):
Event: 43.722 Thread 0x000000000ba80000  316             java.lang.AbstractStringBuilder::append (62 bytes)
Event: 43.726 Thread 0x000000000ba80000 nmethod 316 0x000000000272aa10 code [0x000000000272ab80, 0x000000000272af98]
Event: 44.249 Thread 0x000000000ba7b000  317             com.badlogic.gdx.backends.lwjgl.LwjglGraphics::getHeight (19 bytes)
Event: 44.251 Thread 0x000000000ba7b000 nmethod 317 0x000000000272a450 code [0x000000000272a5a0, 0x000000000272a898]
Event: 45.330 Thread 0x000000000ba80000  318             com.badlogic.gdx.math.Matrix4::idt (124 bytes)
Event: 45.331 Thread 0x000000000ba80000 nmethod 318 0x000000000272b250 code [0x000000000272b380, 0x000000000272b478]
Event: 46.224 Thread 0x000000000ba7b000  319             java.lang.ref.Reference::access$100 (4 bytes)
Event: 46.224 Thread 0x000000000ba7b000 nmethod 319 0x0000000002721e10 code [0x0000000002721f40, 0x0000000002721f98]
Event: 46.968 Thread 0x000000000ba80000  320             com.badlogic.gdx.scenes.scene2d.Actor::getColor (5 bytes)
Event: 46.968 Thread 0x000000000ba80000 nmethod 320 0x0000000002722d10 code [0x0000000002722e40, 0x0000000002722eb8]

GC Heap History (10 events):
Event: 60.800 GC heap before
{Heap before GC invocations=1203 (full 0):
 PSYoungGen      total 10240K, used 10144K [0x00000007d56b0000, 0x00000007d6130000, 0x0000000800000000)
  eden space 9856K, 100% used [0x00000007d56b0000,0x00000007d6050000,0x00000007d6050000)
  from space 384K, 75% used [0x00000007d60d0000,0x00000007d6118000,0x00000007d6130000)
  to   space 448K, 0% used [0x00000007d6050000,0x00000007d6050000,0x00000007d60c0000)
 ParOldGen       total 87168K, used 25970K [0x0000000780400000, 0x0000000785920000, 0x00000007d56b0000)
  object space 87168K, 29% used [0x0000000780400000,0x0000000781d5ca10,0x0000000785920000)
 PSPermGen       total 21248K, used 7814K [0x000000077b200000, 0x000000077c6c0000, 0x0000000780400000)
  object space 21248K, 36% used [0x000000077b200000,0x000000077b9a1a88,0x000000077c6c0000)
Event: 60.801 GC heap after
Heap after GC invocations=1203 (full 0):
 PSYoungGen      total 10112K, used 288K [0x00000007d56b0000, 0x00000007d6120000, 0x0000000800000000)
  eden space 9792K, 0% used [0x00000007d56b0000,0x00000007d56b0000,0x00000007d6040000)
  from space 320K, 90% used [0x00000007d6050000,0x00000007d6098000,0x00000007d60a0000)
  to   space 448K, 0% used [0x00000007d60b0000,0x00000007d60b0000,0x00000007d6120000)
 ParOldGen       total 87168K, used 25970K [0x0000000780400000, 0x0000000785920000, 0x00000007d56b0000)
  object space 87168K, 29% used [0x0000000780400000,0x0000000781d5ca10,0x0000000785920000)
 PSPermGen       total 21248K, used 7814K [0x000000077b200000, 0x000000077c6c0000, 0x0000000780400000)
  object space 21248K, 36% used [0x000000077b200000,0x000000077b9a1a88,0x000000077c6c0000)
}
Event: 60.843 GC heap before
{Heap before GC invocations=1204 (full 0):
 PSYoungGen      total 10112K, used 10080K [0x00000007d56b0000, 0x00000007d6120000, 0x0000000800000000)
  eden space 9792K, 100% used [0x00000007d56b0000,0x00000007d6040000,0x00000007d6040000)
  from space 320K, 90% used [0x00000007d6050000,0x00000007d6098000,0x00000007d60a0000)
  to   space 448K, 0% used [0x00000007d60b0000,0x00000007d60b0000,0x00000007d6120000)
 ParOldGen       total 87168K, used 25970K [0x0000000780400000, 0x0000000785920000, 0x00000007d56b0000)
  object space 87168K, 29% used [0x0000000780400000,0x0000000781d5ca10,0x0000000785920000)
 PSPermGen       total 21248K, used 7814K [0x000000077b200000, 0x000000077c6c0000, 0x0000000780400000)
  object space 21248K, 36% used [0x000000077b200000,0x000000077b9a1a88,0x000000077c6c0000)
Event: 60.844 GC heap after
Heap after GC invocations=1204 (full 0):
 PSYoungGen      total 10112K, used 288K [0x00000007d56b0000, 0x00000007d6110000, 0x0000000800000000)
  eden space 9728K, 0% used [0x00000007d56b0000,0x00000007d56b0000,0x00000007d6030000)
  from space 384K, 75% used [0x00000007d60b0000,0x00000007d60f8000,0x00000007d6110000)
  to   space 448K, 0% used [0x00000007d6030000,0x00000007d6030000,0x00000007d60a0000)
 ParOldGen       total 87168K, used 25970K [0x0000000780400000, 0x0000000785920000, 0x00000007d56b0000)
  object space 87168K, 29% used [0x0000000780400000,0x0000000781d5ca10,0x0000000785920000)
 PSPermGen       total 21248K, used 7814K [0x000000077b200000, 0x000000077c6c0000, 0x0000000780400000)
  object space 21248K, 36% used [0x000000077b200000,0x000000077b9a1a88,0x000000077c6c0000)
}
Event: 60.886 GC heap before
{Heap before GC invocations=1205 (full 0):
 PSYoungGen      total 10112K, used 10016K [0x00000007d56b0000, 0x00000007d6110000, 0x0000000800000000)
  eden space 9728K, 100% used [0x00000007d56b0000,0x00000007d6030000,0x00000007d6030000)
  from space 384K, 75% used [0x00000007d60b0000,0x00000007d60f8000,0x00000007d6110000)
  to   space 448K, 0% used [0x00000007d6030000,0x00000007d6030000,0x00000007d60a0000)
 ParOldGen       total 87168K, used 25970K [0x0000000780400000, 0x0000000785920000, 0x00000007d56b0000)
  object space 87168K, 29% used [0x0000000780400000,0x0000000781d5ca10,0x0000000785920000)
 PSPermGen       total 21248K, used 7814K [0x000000077b200000, 0x000000077c6c0000, 0x0000000780400000)
  object space 21248K, 36% used [0x000000077b200000,0x000000077b9a1a88,0x000000077c6c0000)
Event: 60.886 GC heap after
Heap after GC invocations=1205 (full 0):
 PSYoungGen      total 9984K, used 288K [0x00000007d56b0000, 0x00000007d6100000, 0x0000000800000000)
  eden space 9664K, 0% used [0x00000007d56b0000,0x00000007d56b0000,0x00000007d6020000)
  from space 320K, 90% used [0x00000007d6030000,0x00000007d6078000,0x00000007d6080000)
  to   space 448K, 0% used [0x00000007d6090000,0x00000007d6090000,0x00000007d6100000)
 ParOldGen       total 87168K, used 25970K [0x0000000780400000, 0x0000000785920000, 0x00000007d56b0000)
  object space 87168K, 29% used [0x0000000780400000,0x0000000781d5ca10,0x0000000785920000)
 PSPermGen       total 21248K, used 7814K [0x000000077b200000, 0x000000077c6c0000, 0x0000000780400000)
  object space 21248K, 36% used [0x000000077b200000,0x000000077b9a1a88,0x000000077c6c0000)
}
Event: 60.929 GC heap before
{Heap before GC invocations=1206 (full 0):
 PSYoungGen      total 9984K, used 9952K [0x00000007d56b0000, 0x00000007d6100000, 0x0000000800000000)
  eden space 9664K, 100% used [0x00000007d56b0000,0x00000007d6020000,0x00000007d6020000)
  from space 320K, 90% used [0x00000007d6030000,0x00000007d6078000,0x00000007d6080000)
  to   space 448K, 0% used [0x00000007d6090000,0x00000007d6090000,0x00000007d6100000)
 ParOldGen       total 87168K, used 25970K [0x0000000780400000, 0x0000000785920000, 0x00000007d56b0000)
  object space 87168K, 29% used [0x0000000780400000,0x0000000781d5ca10,0x0000000785920000)
 PSPermGen       total 21248K, used 7814K [0x000000077b200000, 0x000000077c6c0000, 0x0000000780400000)
  object space 21248K, 36% used [0x000000077b200000,0x000000077b9a1a88,0x000000077c6c0000)
Event: 60.930 GC heap after
Heap after GC invocations=1206 (full 0):
 PSYoungGen      total 9984K, used 256K [0x00000007d56b0000, 0x00000007d60f0000, 0x0000000800000000)
  eden space 9600K, 0% used [0x00000007d56b0000,0x00000007d56b0000,0x00000007d6010000)
  from space 384K, 66% used [0x00000007d6090000,0x00000007d60d0000,0x00000007d60f0000)
  to   space 448K, 0% used [0x00000007d6010000,0x00000007d6010000,0x00000007d6080000)
 ParOldGen       total 87168K, used 25970K [0x0000000780400000, 0x0000000785920000, 0x00000007d56b0000)
  object space 87168K, 29% used [0x0000000780400000,0x0000000781d5ca10,0x0000000785920000)
 PSPermGen       total 21248K, used 7814K [0x000000077b200000, 0x000000077c6c0000, 0x0000000780400000)
  object space 21248K, 36% used [0x000000077b200000,0x000000077b9a1a88,0x000000077c6c0000)
}
Event: 60.948 GC heap before
{Heap before GC invocations=1207 (full 0):
 PSYoungGen      total 9984K, used 9856K [0x00000007d56b0000, 0x00000007d60f0000, 0x0000000800000000)
  eden space 9600K, 100% used [0x00000007d56b0000,0x00000007d6010000,0x00000007d6010000)
  from space 384K, 66% used [0x00000007d6090000,0x00000007d60d0000,0x00000007d60f0000)
  to   space 448K, 0% used [0x00000007d6010000,0x00000007d6010000,0x00000007d6080000)
 ParOldGen       total 87168K, used 25970K [0x0000000780400000, 0x0000000785920000, 0x00000007d56b0000)
  object space 87168K, 29% used [0x0000000780400000,0x0000000781d5ca10,0x0000000785920000)
 PSPermGen       total 21248K, used 7814K [0x000000077b200000, 0x000000077c6c0000, 0x0000000780400000)
  object space 21248K, 36% used [0x000000077b200000,0x000000077b9a1a88,0x000000077c6c0000)
Event: 60.948 GC heap after
Heap after GC invocations=1207 (full 0):
 PSYoungGen      total 9600K, used 32K [0x00000007d56b0000, 0x00000007d60e0000, 0x0000000800000000)
  eden space 9536K, 0% used [0x00000007d56b0000,0x00000007d56b0000,0x00000007d6000000)
  from space 64K, 50% used [0x00000007d6010000,0x00000007d6018000,0x00000007d6020000)
  to   space 448K, 0% used [0x00000007d6070000,0x00000007d6070000,0x00000007d60e0000)
 ParOldGen       total 87168K, used 26034K [0x0000000780400000, 0x0000000785920000, 0x00000007d56b0000)
  object space 87168K, 29% used [0x0000000780400000,0x0000000781d6ca10,0x0000000785920000)
 PSPermGen       total 21248K, used 7814K [0x000000077b200000, 0x000000077c6c0000, 0x0000000780400000)
  object space 21248K, 36% used [0x000000077b200000,0x000000077b9a1a88,0x000000077c6c0000)
}

Deoptimization events (6 events):
Event: 1.143 Thread 0x000000000e271000 Uncommon trap -83 fr.pc 0x0000000002679864
Event: 1.237 Thread 0x000000000e271000 Uncommon trap -83 fr.pc 0x000000000267daf4
Event: 1.350 Thread 0x000000000e271000 Uncommon trap -83 fr.pc 0x00000000026b83c4
Event: 1.431 Thread 0x000000000e271000 Uncommon trap -83 fr.pc 0x00000000026bdc9c
Event: 2.886 Thread 0x000000000e271000 Uncommon trap -75 fr.pc 0x00000000026e0f88
Event: 34.474 Thread 0x000000000e271000 Uncommon trap -83 fr.pc 0x00000000026be994

Internal exceptions (10 events):
Event: 1.402 Thread 0x000000000e271000 Threw 0x00000007d7407af8 at C:\jdk7u2_64p\jdk7u21\hotspot\src\share\vm\prims\jvm.cpp:1166
Event: 1.402 Thread 0x000000000e271000 Threw 0x00000007d740b740 at C:\jdk7u2_64p\jdk7u21\hotspot\src\share\vm\prims\jvm.cpp:1166
Event: 1.403 Thread 0x000000000e271000 Threw 0x00000007d740e590 at C:\jdk7u2_64p\jdk7u21\hotspot\src\share\vm\prims\jvm.cpp:1166
Event: 1.403 Thread 0x000000000e271000 Threw 0x00000007d7411250 at C:\jdk7u2_64p\jdk7u21\hotspot\src\share\vm\prims\jvm.cpp:1166
Event: 1.403 Thread 0x000000000e271000 Threw 0x00000007d7413f28 at C:\jdk7u2_64p\jdk7u21\hotspot\src\share\vm\prims\jvm.cpp:1166
Event: 1.942 Thread 0x000000000e271000 Threw 0x00000007d5865e70 at C:\jdk7u2_64p\jdk7u21\hotspot\src\share\vm\prims\jvm.cpp:1166
Event: 2.361 Thread 0x000000000e271000 Threw 0x00000007dae80918 at C:\jdk7u2_64p\jdk7u21\hotspot\src\share\vm\prims\jvm.cpp:1166
Event: 2.850 Thread 0x000000000e271000 Threw 0x00000007d59278d0 at C:\jdk7u2_64p\jdk7u21\hotspot\src\share\vm\prims\jvm.cpp:1166
Event: 2.851 Thread 0x000000000e271000 Threw 0x00000007d592bde0 at C:\jdk7u2_64p\jdk7u21\hotspot\src\share\vm\prims\jvm.cpp:1166
Event: 2.926 Thread 0x000000000e271000 Threw 0x00000007d7168b10 at C:\jdk7u2_64p\jdk7u21\hotspot\src\share\vm\prims\jvm.cpp:1166

Events (10 events):
Event: 60.800 Executing VM operation: ParallelGCFailedAllocation
Event: 60.801 Executing VM operation: ParallelGCFailedAllocation done
Event: 60.843 Executing VM operation: ParallelGCFailedAllocation
Event: 60.844 Executing VM operation: ParallelGCFailedAllocation done
Event: 60.886 Executing VM operation: ParallelGCFailedAllocation
Event: 60.886 Executing VM operation: ParallelGCFailedAllocation done
Event: 60.929 Executing VM operation: ParallelGCFailedAllocation
Event: 60.930 Executing VM operation: ParallelGCFailedAllocation done
Event: 60.948 Executing VM operation: ParallelGCFailedAllocation
Event: 60.948 Executing VM operation: ParallelGCFailedAllocation done


Dynamic libraries:
0x000007f7409a0000 - 0x000007f7409d3000 	C:\Program Files\Java\jre7\bin\javaw.exe
0x000007fc69720000 - 0x000007fc698de000 	C:\Windows\SYSTEM32\ntdll.dll
0x000007fc68b80000 - 0x000007fc68cb6000 	C:\Windows\system32\KERNEL32.DLL
0x000007fc66880000 - 0x000007fc66973000 	C:\Windows\system32\KERNELBASE.dll
0x000007fc69210000 - 0x000007fc692ee000 	C:\Windows\system32\ADVAPI32.dll
0x000007fc692f0000 - 0x000007fc6943c000 	C:\Windows\system32\USER32.dll
0x000007fc63f00000 - 0x000007fc64169000 	C:\Windows\WinSxS\amd64_microsoft.windows.common-controls_6595b64144ccf1df_6.0.9200.16384_none_418c2a697189c07f\COMCTL32.dll
0x000007fc68f70000 - 0x000007fc69015000 	C:\Windows\system32\msvcrt.dll
0x000007fc694a0000 - 0x000007fc694e8000 	C:\Windows\SYSTEM32\sechost.dll
0x000007fc68e30000 - 0x000007fc68f70000 	C:\Windows\system32\RPCRT4.dll
0x000007fc68cf0000 - 0x000007fc68e30000 	C:\Windows\system32\GDI32.dll
0x000007fc676a0000 - 0x000007fc676d9000 	C:\Windows\system32\IMM32.DLL
0x000007fc66b90000 - 0x000007fc66ca4000 	C:\Windows\system32\MSCTF.dll
0x00000000669a0000 - 0x0000000066a71000 	C:\Program Files\Java\jre7\bin\msvcr100.dll
0x0000000066270000 - 0x0000000066991000 	C:\Program Files\Java\jre7\bin\server\jvm.dll
0x000007fc64b70000 - 0x000007fc64b79000 	C:\Windows\SYSTEM32\WSOCK32.dll
0x000007fc63430000 - 0x000007fc63450000 	C:\Windows\SYSTEM32\WINMM.dll
0x000007fc67690000 - 0x000007fc67697000 	C:\Windows\system32\PSAPI.DLL
0x000007fc69440000 - 0x000007fc69498000 	C:\Windows\system32\WS2_32.dll
0x000007fc61a80000 - 0x000007fc61ab2000 	C:\Windows\SYSTEM32\WINMMBASE.dll
0x000007fc68ce0000 - 0x000007fc68ce9000 	C:\Windows\system32\NSI.dll
0x0000000066260000 - 0x000000006626f000 	C:\Program Files\Java\jre7\bin\verify.dll
0x0000000066230000 - 0x0000000066258000 	C:\Program Files\Java\jre7\bin\java.dll
0x0000000066210000 - 0x0000000066225000 	C:\Program Files\Java\jre7\bin\zip.dll
0x0000000065580000 - 0x000000006560d000 	C:\Users\Adam\AppData\Local\Temp\libgdxAdam\123946040\gdx64.dll
0x0000000180000000 - 0x0000000180050000 	C:\Users\Adam\AppData\Local\Temp\libgdxAdam\27538956\lwjgl64.dll
0x000007fc587c0000 - 0x000007fc588df000 	C:\Windows\SYSTEM32\OPENGL32.dll
0x000007fc62810000 - 0x000007fc62819000 	C:\Windows\SYSTEM32\VERSION.dll
0x000007fc64420000 - 0x000007fc6444c000 	C:\Windows\SYSTEM32\GLU32.dll
0x000007fc590e0000 - 0x000007fc591ca000 	C:\Windows\SYSTEM32\DDRAW.dll
0x000007fc64410000 - 0x000007fc64418000 	C:\Windows\SYSTEM32\DCIMAN32.dll
0x000000000e540000 - 0x000000000e5a2000 	C:\Users\Adam\AppData\Local\Temp\libgdxAdam\27538956\OpenAL64.dll
0x000007fc676f0000 - 0x000007fc689d5000 	C:\Windows\system32\SHELL32.dll
0x000007fc69090000 - 0x000007fc6920e000 	C:\Windows\system32\ole32.dll
0x000007fc66d80000 - 0x000007fc66f30000 	C:\Windows\SYSTEM32\combase.dll
0x000007fc67470000 - 0x000007fc674c0000 	C:\Windows\system32\SHLWAPI.dll
0x000007fc64aa0000 - 0x000007fc64b36000 	C:\Windows\SYSTEM32\SHCORE.dll
0x000007fc66490000 - 0x000007fc6649a000 	C:\Windows\SYSTEM32\CRYPTBASE.dll
0x000007fc66430000 - 0x000007fc6648c000 	C:\Windows\SYSTEM32\bcryptPrimitives.dll
0x000007fc654f0000 - 0x000007fc655d3000 	C:\Windows\system32\uxtheme.dll
0x000007fc670f0000 - 0x000007fc67186000 	C:\Windows\SYSTEM32\clbcatq.dll
0x000007fc66cb0000 - 0x000007fc66d73000 	C:\Windows\system32\OLEAUT32.dll
0x000007fc58730000 - 0x000007fc587bb000 	C:\Windows\SYSTEM32\dsound.dll
0x000007fc66530000 - 0x000007fc66573000 	C:\Windows\SYSTEM32\POWRPROF.dll
0x000007fc64670000 - 0x000007fc646d2000 	C:\Windows\System32\MMDevApi.dll
0x000007fc66b60000 - 0x000007fc66b82000 	C:\Windows\system32\DEVOBJ.dll
0x000007fc66830000 - 0x000007fc6687f000 	C:\Windows\SYSTEM32\cfgmgr32.dll
0x000007fc635a0000 - 0x000007fc63612000 	C:\Windows\SYSTEM32\AUDIOSES.DLL
0x000007fc64400000 - 0x000007fc64409000 	C:\Windows\SYSTEM32\atig6pxx.dll
0x0000000010490000 - 0x0000000011c2a000 	C:\Windows\SYSTEM32\atio6axx.dll
0x000007fc674c0000 - 0x000007fc67690000 	C:\Windows\system32\SETUPAPI.dll
0x000007fc64e80000 - 0x000007fc64ea1000 	C:\Windows\SYSTEM32\dwmapi.dll
0x000007fc5a3d0000 - 0x000007fc5a47a000 	C:\Windows\SYSTEM32\atiadlxx.dll
0x000007fc63960000 - 0x000007fc63aba000 	C:\Windows\SYSTEM32\PROPSYS.dll
0x000007fc65c80000 - 0x000007fc65c9f000 	C:\Windows\SYSTEM32\USERENV.dll
0x000007fc664a0000 - 0x000007fc664b1000 	C:\Windows\SYSTEM32\WTSAPI32.dll
0x000007fc64170000 - 0x000007fc6419c000 	C:\Windows\SYSTEM32\IPHLPAPI.DLL
0x000007fc66650000 - 0x000007fc66665000 	C:\Windows\SYSTEM32\profapi.dll
0x000007fc64650000 - 0x000007fc6465a000 	C:\Windows\SYSTEM32\WINNSI.DLL
0x000007fc667d0000 - 0x000007fc66825000 	C:\Windows\system32\WINTRUST.dll
0x000007fc66980000 - 0x000007fc66b57000 	C:\Windows\system32\CRYPT32.dll
0x000007fc66700000 - 0x000007fc66716000 	C:\Windows\system32\MSASN1.dll
0x000007fc62820000 - 0x000007fc6293c000 	C:\Windows\SYSTEM32\aticfx64.dll
0x000007fc643f0000 - 0x000007fc643ff000 	C:\Windows\SYSTEM32\atig6txx.dll
0x000007fc5c9c0000 - 0x000007fc5ca51000 	C:\Windows\SYSTEM32\mscms.dll
0x000007fc5f660000 - 0x000007fc5f6a0000 	C:\Windows\SYSTEM32\icm32.dll
0x00000000661f0000 - 0x0000000066209000 	C:\Program Files\Java\jre7\bin\net.dll
0x000007fc65ea0000 - 0x000007fc65efc000 	C:\Windows\system32\mswsock.dll
0x00000000661d0000 - 0x00000000661e1000 	C:\Program Files\Java\jre7\bin\nio.dll
0x000007fc5aa70000 - 0x000007fc5abd3000 	C:\Windows\SYSTEM32\dbghelp.dll

VM Arguments:
jvm_args: -Dfile.encoding=Cp1250 
java_command: com.softsquare.side.Main
Launcher Type: SUN_STANDARD

Environment Variables:
PATH=C:\Code\apache-ant-1.9.0\bin;C:\Program Files (x86)\AMD APP\bin\x86_64;C:\Program Files (x86)\AMD APP\bin\x86;C:\Windows\system32;C:\Windows;C:\Windows\System32\Wbem;C:\Windows\System32\WindowsPowerShell\v1.0\;C:\Program Files (x86)\ATI Technologies\ATI.ACE\Core-Static;C:\Program Files\TortoiseSVN\bin;C:\Program Files\TortoiseGit\bin;C:\Program Files\MATLAB\R2012b\runtime\win64;C:\Program Files\MATLAB\R2012b\bin
USERNAME=Adam
OS=Windows_NT
PROCESSOR_IDENTIFIER=Intel64 Family 6 Model 42 Stepping 7, GenuineIntel



---------------  S Y S T E M  ---------------

OS: Windows 8 , 64 bit Build 9200 

CPU:total 8 (4 cores per cpu, 2 threads per core) family 6 model 42 stepping 7, cmov, cx8, fxsr, mmx, sse, sse2, sse3, ssse3, sse4.1, sse4.2, popcnt, avx, ht, tsc, tscinvbit

Memory: 4k page, physical 8364980k(5780576k free), swap 9610164k(6564168k free)

vm_info: Java HotSpot(TM) 64-Bit Server VM (23.21-b01) for windows-amd64 JRE (1.7.0_21-b11), built on Apr  4 2013 08:11:28 by "java_re" with unknown MS VC++:1600

time: Sat May 18 00:30:57 2013
elapsed time: 60 seconds

